<?xml version="1.0" encoding="UTF-8"?>
<testng-results skipped="0" failed="0" ignored="0" total="1" passed="1">
  <reporter-output>
  </reporter-output>
  <suite name="Default suite" duration-ms="7034" started-at="2018-05-04T10:43:59Z" finished-at="2018-05-04T10:44:06Z">
    <groups>
    </groups>
    <test name="Default test" duration-ms="7034" started-at="2018-05-04T10:43:59Z" finished-at="2018-05-04T10:44:06Z">
      <class name="com.firsttestng.TestNg">
        <test-method status="PASS" signature="testAdd()[pri:0, instance:com.firsttestng.TestNg@4923ab24]" name="testAdd" duration-ms="7019" started-at="2018-05-04T10:43:59Z" finished-at="2018-05-04T10:44:06Z">
          <reporter-output>
          </reporter-output>
        </test-method> <!-- testAdd -->
      </class> <!-- com.firsttestng.TestNg -->
    </test> <!-- Default test -->
  </suite> <!-- Default suite -->
</testng-results>
